<<Метод readFromFiles proj.task4.service.DataReader.DataReader >> : 31.03.2024 08:14:57
Аргументы:
[]
Результат выполнения:
[Model= filename= file2.txtusername=Пользователь_1, fio=иванович иван иванович, dateInput=07.04.2023 12:00:00, applType=web
, Model= filename= file2.txtusername=Пользователь_2, fio=петров иван иванович, dateInput=07.04.2023 08:00:00, applType=mobile
, Model= filename= file1.txtusername=Пользователь_1, fio=иванов иван иванович, dateInput=05.04.2023 12:00:00, applType=web
, Model= filename= file1.txtusername=Пользователь_2, fio=петров иван иванович, dateInput=05.04.2023 15:07:00, applType=mobile
, Model= filename= file1.txtusername=Пользователь_3, fio=сидоров иван сидорович, dateInput=05.04.2023 12:00:00, applType=web
, Model= filename= file1.txtusername=Пользователь_4, fio=фролов Андрей иванович, dateInput=, applType=xxx
, Model= filename= file1.txtusername=Пользователь_5, fio=васильев василий васильевич, dateInput=05.04.2023 14:23:12, applType=mobile
]
<<Метод check proj.task4.service.DataCheck.DataCheckFio >> : 31.03.2024 08:14:57
Аргументы:
[[Model= filename= file2.txtusername=Пользователь_1, fio=иванович иван иванович, dateInput=07.04.2023 12:00:00, applType=web
, Model= filename= file2.txtusername=Пользователь_2, fio=петров иван иванович, dateInput=07.04.2023 08:00:00, applType=mobile
, Model= filename= file1.txtusername=Пользователь_1, fio=иванов иван иванович, dateInput=05.04.2023 12:00:00, applType=web
, Model= filename= file1.txtusername=Пользователь_2, fio=петров иван иванович, dateInput=05.04.2023 15:07:00, applType=mobile
, Model= filename= file1.txtusername=Пользователь_3, fio=сидоров иван сидорович, dateInput=05.04.2023 12:00:00, applType=web
, Model= filename= file1.txtusername=Пользователь_4, fio=фролов Андрей иванович, dateInput=, applType=xxx
, Model= filename= file1.txtusername=Пользователь_5, fio=васильев василий васильевич, dateInput=05.04.2023 14:23:12, applType=mobile
]]
Результат выполнения:
[Model= filename= file2.txtusername=Пользователь_1, fio=Иванович Иван Иванович, dateInput=07.04.2023 12:00:00, applType=web
, Model= filename= file2.txtusername=Пользователь_2, fio=Петров Иван Иванович, dateInput=07.04.2023 08:00:00, applType=mobile
, Model= filename= file1.txtusername=Пользователь_1, fio=Иванов Иван Иванович, dateInput=05.04.2023 12:00:00, applType=web
, Model= filename= file1.txtusername=Пользователь_2, fio=Петров Иван Иванович, dateInput=05.04.2023 15:07:00, applType=mobile
, Model= filename= file1.txtusername=Пользователь_3, fio=Сидоров Иван Сидорович, dateInput=05.04.2023 12:00:00, applType=web
, Model= filename= file1.txtusername=Пользователь_4, fio=Фролов Андрей Иванович, dateInput=, applType=xxx
, Model= filename= file1.txtusername=Пользователь_5, fio=Васильев Василий Васильевич, dateInput=05.04.2023 14:23:12, applType=mobile
]
<<Метод check proj.task4.service.DataCheck.DataCheckType >> : 31.03.2024 08:14:57
Аргументы:
[[Model= filename= file2.txtusername=Пользователь_1, fio=Иванович Иван Иванович, dateInput=07.04.2023 12:00:00, applType=web
, Model= filename= file2.txtusername=Пользователь_2, fio=Петров Иван Иванович, dateInput=07.04.2023 08:00:00, applType=mobile
, Model= filename= file1.txtusername=Пользователь_1, fio=Иванов Иван Иванович, dateInput=05.04.2023 12:00:00, applType=web
, Model= filename= file1.txtusername=Пользователь_2, fio=Петров Иван Иванович, dateInput=05.04.2023 15:07:00, applType=mobile
, Model= filename= file1.txtusername=Пользователь_3, fio=Сидоров Иван Сидорович, dateInput=05.04.2023 12:00:00, applType=web
, Model= filename= file1.txtusername=Пользователь_4, fio=Фролов Андрей Иванович, dateInput=, applType=xxx
, Model= filename= file1.txtusername=Пользователь_5, fio=Васильев Василий Васильевич, dateInput=05.04.2023 14:23:12, applType=mobile
]]
Результат выполнения:
[Model= filename= file2.txtusername=Пользователь_1, fio=Иванович Иван Иванович, dateInput=07.04.2023 12:00:00, applType=web
, Model= filename= file2.txtusername=Пользователь_2, fio=Петров Иван Иванович, dateInput=07.04.2023 08:00:00, applType=mobile
, Model= filename= file1.txtusername=Пользователь_1, fio=Иванов Иван Иванович, dateInput=05.04.2023 12:00:00, applType=web
, Model= filename= file1.txtusername=Пользователь_2, fio=Петров Иван Иванович, dateInput=05.04.2023 15:07:00, applType=mobile
, Model= filename= file1.txtusername=Пользователь_3, fio=Сидоров Иван Сидорович, dateInput=05.04.2023 12:00:00, applType=web
, Model= filename= file1.txtusername=Пользователь_4, fio=Фролов Андрей Иванович, dateInput=, applType=other:xxx
, Model= filename= file1.txtusername=Пользователь_5, fio=Васильев Василий Васильевич, dateInput=05.04.2023 14:23:12, applType=mobile
]
<<Метод check proj.task4.service.DataCheck.DataCheckDate >> : 31.03.2024 08:14:57
Аргументы:
[[Model= filename= file2.txtusername=Пользователь_1, fio=Иванович Иван Иванович, dateInput=07.04.2023 12:00:00, applType=web
, Model= filename= file2.txtusername=Пользователь_2, fio=Петров Иван Иванович, dateInput=07.04.2023 08:00:00, applType=mobile
, Model= filename= file1.txtusername=Пользователь_1, fio=Иванов Иван Иванович, dateInput=05.04.2023 12:00:00, applType=web
, Model= filename= file1.txtusername=Пользователь_2, fio=Петров Иван Иванович, dateInput=05.04.2023 15:07:00, applType=mobile
, Model= filename= file1.txtusername=Пользователь_3, fio=Сидоров Иван Сидорович, dateInput=05.04.2023 12:00:00, applType=web
, Model= filename= file1.txtusername=Пользователь_4, fio=Фролов Андрей Иванович, dateInput=, applType=other:xxx
, Model= filename= file1.txtusername=Пользователь_5, fio=Васильев Василий Васильевич, dateInput=05.04.2023 14:23:12, applType=mobile
]]
Результат выполнения:
[Model= filename= file2.txtusername=Пользователь_1, fio=Иванович Иван Иванович, dateInput=07.04.2023 12:00:00, applType=web
, Model= filename= file2.txtusername=Пользователь_2, fio=Петров Иван Иванович, dateInput=07.04.2023 08:00:00, applType=mobile
, Model= filename= file1.txtusername=Пользователь_1, fio=Иванов Иван Иванович, dateInput=05.04.2023 12:00:00, applType=web
, Model= filename= file1.txtusername=Пользователь_2, fio=Петров Иван Иванович, dateInput=05.04.2023 15:07:00, applType=mobile
, Model= filename= file1.txtusername=Пользователь_3, fio=Сидоров Иван Сидорович, dateInput=05.04.2023 12:00:00, applType=web
, Model= filename= file1.txtusername=Пользователь_5, fio=Васильев Василий Васильевич, dateInput=05.04.2023 14:23:12, applType=mobile
]
<<Метод check proj.task4.service.DataCheck.DataCheckType >> : 31.03.2024 08:15:46
Аргументы:
[[Model= filename= file2.txtusername=Пользователь_1, fio=иванович иван иванович, dateInput=07.04.2023 12:00:00, applType=web
, Model= filename= file2.txtusername=Пользователь_2, fio=петров иван иванович, dateInput=07.04.2023 08:00:00, applType=mobile
, Model= filename= file1.txtusername=Пользователь_1, fio=иванов иван иванович, dateInput=05.04.2023 12:00:00, applType=web
, Model= filename= file1.txtusername=Пользователь_2, fio=петров иван иванович, dateInput=05.04.2023 15:07:00, applType=mobile
, Model= filename= file1.txtusername=Пользователь_3, fio=сидоров иван сидорович, dateInput=05.04.2023 12:00:00, applType=web
, Model= filename= file1.txtusername=Пользователь_4, fio=фролов Андрей иванович, dateInput=, applType=xxx
, Model= filename= file1.txtusername=Пользователь_5, fio=васильев василий васильевич, dateInput=05.04.2023 14:23:12, applType=mobile
]]
Результат выполнения:
[Model= filename= file2.txtusername=Пользователь_1, fio=иванович иван иванович, dateInput=07.04.2023 12:00:00, applType=web
, Model= filename= file2.txtusername=Пользователь_2, fio=петров иван иванович, dateInput=07.04.2023 08:00:00, applType=mobile
, Model= filename= file1.txtusername=Пользователь_1, fio=иванов иван иванович, dateInput=05.04.2023 12:00:00, applType=web
, Model= filename= file1.txtusername=Пользователь_2, fio=петров иван иванович, dateInput=05.04.2023 15:07:00, applType=mobile
, Model= filename= file1.txtusername=Пользователь_3, fio=сидоров иван сидорович, dateInput=05.04.2023 12:00:00, applType=web
, Model= filename= file1.txtusername=Пользователь_4, fio=фролов Андрей иванович, dateInput=, applType=other:xxx
, Model= filename= file1.txtusername=Пользователь_5, fio=васильев василий васильевич, dateInput=05.04.2023 14:23:12, applType=mobile
]
<<Метод check proj.task4.service.DataCheck.DataCheckFio >> : 31.03.2024 08:15:46
Аргументы:
[[Model= filename= file2.txtusername=Пользователь_1, fio=иванович иван иванович, dateInput=07.04.2023 12:00:00, applType=web
, Model= filename= file2.txtusername=Пользователь_2, fio=петров иван иванович, dateInput=07.04.2023 08:00:00, applType=mobile
, Model= filename= file1.txtusername=Пользователь_1, fio=иванов иван иванович, dateInput=05.04.2023 12:00:00, applType=web
, Model= filename= file1.txtusername=Пользователь_2, fio=петров иван иванович, dateInput=05.04.2023 15:07:00, applType=mobile
, Model= filename= file1.txtusername=Пользователь_3, fio=сидоров иван сидорович, dateInput=05.04.2023 12:00:00, applType=web
, Model= filename= file1.txtusername=Пользователь_4, fio=фролов Андрей иванович, dateInput=, applType=other:xxx
, Model= filename= file1.txtusername=Пользователь_5, fio=васильев василий васильевич, dateInput=05.04.2023 14:23:12, applType=mobile
]]
Результат выполнения:
[Model= filename= file2.txtusername=Пользователь_1, fio=Иванович Иван Иванович, dateInput=07.04.2023 12:00:00, applType=web
, Model= filename= file2.txtusername=Пользователь_2, fio=Петров Иван Иванович, dateInput=07.04.2023 08:00:00, applType=mobile
, Model= filename= file1.txtusername=Пользователь_1, fio=Иванов Иван Иванович, dateInput=05.04.2023 12:00:00, applType=web
, Model= filename= file1.txtusername=Пользователь_2, fio=Петров Иван Иванович, dateInput=05.04.2023 15:07:00, applType=mobile
, Model= filename= file1.txtusername=Пользователь_3, fio=Сидоров Иван Сидорович, dateInput=05.04.2023 12:00:00, applType=web
, Model= filename= file1.txtusername=Пользователь_4, fio=Фролов Андрей Иванович, dateInput=, applType=other:xxx
, Model= filename= file1.txtusername=Пользователь_5, fio=Васильев Василий Васильевич, dateInput=05.04.2023 14:23:12, applType=mobile
]
<<Метод check proj.task4.service.DataCheck.DataCheckDate >> : 31.03.2024 08:15:46
Аргументы:
[[Model= filename= file2.txtusername=Пользователь_1, fio=Иванович Иван Иванович, dateInput=07.04.2023 12:00:00, applType=web
, Model= filename= file2.txtusername=Пользователь_2, fio=Петров Иван Иванович, dateInput=07.04.2023 08:00:00, applType=mobile
, Model= filename= file1.txtusername=Пользователь_1, fio=Иванов Иван Иванович, dateInput=05.04.2023 12:00:00, applType=web
, Model= filename= file1.txtusername=Пользователь_2, fio=Петров Иван Иванович, dateInput=05.04.2023 15:07:00, applType=mobile
, Model= filename= file1.txtusername=Пользователь_3, fio=Сидоров Иван Сидорович, dateInput=05.04.2023 12:00:00, applType=web
, Model= filename= file1.txtusername=Пользователь_4, fio=Фролов Андрей Иванович, dateInput=, applType=other:xxx
, Model= filename= file1.txtusername=Пользователь_5, fio=Васильев Василий Васильевич, dateInput=05.04.2023 14:23:12, applType=mobile
]]
Результат выполнения:
[Model= filename= file2.txtusername=Пользователь_1, fio=Иванович Иван Иванович, dateInput=07.04.2023 12:00:00, applType=web
, Model= filename= file2.txtusername=Пользователь_2, fio=Петров Иван Иванович, dateInput=07.04.2023 08:00:00, applType=mobile
, Model= filename= file1.txtusername=Пользователь_1, fio=Иванов Иван Иванович, dateInput=05.04.2023 12:00:00, applType=web
, Model= filename= file1.txtusername=Пользователь_2, fio=Петров Иван Иванович, dateInput=05.04.2023 15:07:00, applType=mobile
, Model= filename= file1.txtusername=Пользователь_3, fio=Сидоров Иван Сидорович, dateInput=05.04.2023 12:00:00, applType=web
, Model= filename= file1.txtusername=Пользователь_5, fio=Васильев Василий Васильевич, dateInput=05.04.2023 14:23:12, applType=mobile
]
